<html>
<head>
<title>TestNG:  Surefire test</title>
<link href="../testng.css" rel="stylesheet" type="text/css" />
<link href="../my-testng.css" rel="stylesheet" type="text/css" />

<style type="text/css">
.log { display: none;} 
.stack-trace { display: none;} 
</style>
<script type="text/javascript">
<!--
function flip(e) {
  current = e.style.display;
  if (current == 'block') {
    e.style.display = 'none';
    return 0;
  }
  else {
    e.style.display = 'block';
    return 1;
  }
}

function toggleBox(szDivId, elem, msg1, msg2)
{
  var res = -1;  if (document.getElementById) {
    res = flip(document.getElementById(szDivId));
  }
  else if (document.all) {
    // this is the way old msie versions work
    res = flip(document.all[szDivId]);
  }
  if(elem) {
    if(res == 0) elem.innerHTML = msg1; else elem.innerHTML = msg2;
  }

}

function toggleAllBoxes() {
  if (document.getElementsByTagName) {
    d = document.getElementsByTagName('div');
    for (i = 0; i < d.length; i++) {
      if (d[i].className == 'log') {
        flip(d[i]);
      }
    }
  }
}

// -->
</script>

</head>
<body>
<h2 align='center'>Surefire test</h2><table border='1' align="center">
<tr>
<td>Tests passed/Failed/Skipped:</td><td>15/6/0</td>
</tr><tr>
<td>Started on:</td><td>Mon Feb 17 18:08:57 MSK 2020</td>
</tr>
<tr><td>Total time:</td><td>2 seconds (2676 ms)</td>
</tr><tr>
<td>Included groups:</td><td></td>
</tr><tr>
<td>Excluded groups:</td><td></td>
</tr>
</table><p/>
<small><i>(Hover the method name to see the test class name)</i></small><p/>
<table width='100%' border='1' class='invocation-failed'>
<tr><td colspan='4' align='center'><b>FAILED TESTS</b></td></tr>
<tr><td><b>Test method</b></td>
<td width="30%"><b>Exception</b></td>
<td width="10%"><b>Time (seconds)</b></td>
<td><b>Instance</b></td>
</tr>
<tr>
<td title='by.epam.project.service.EventTypeServiceTest.findByNameOrWordInName()'><b>findByNameOrWordInName</b><br>Test class: by.epam.project.service.EventTypeServiceTest<br>Parameters: concert, 1</td>
<td><div><pre>by.epam.project.exception.ServiceException: by.epam.project.exception.DaoException: Error in the requesting to the database.
	at by.epam.project.service.impl.EventTypeServiceImpl.findByNameOrWordInNameWithLimit(EventTypeServiceImpl.java:80)
	at by.epam.project.service.EventTypeServiceTest.findByNameOrWordInName(EventTypeServiceTest.java:28)
Caused by: by.epam.project.exception.DaoException: Error in the requesting to the database.
	at by.epam.project.dao.impl.EventTypeDaoImpl.closeResultSet(EventTypeDaoImpl.java:317)
	at by.epam.project.dao.impl.EventTypeDaoImpl.findByNameOrWordInNameWithLimit(EventTypeDaoImpl.java:168)
	at by.epam.project.service.impl.EventTypeServiceImpl.findByNameOrWordInNameWithLimit(EventTypeServiceImpl.java:78)
	... 31 more
... Removed 30 stack frames</pre></div><a href='#' onClick='toggleBox("stack-trace1094523823", this, "Click to show all stack frames", "Click to hide stack frames")'>Click to show all stack frames</a>
<div class='stack-trace' id='stack-trace1094523823'><pre>by.epam.project.exception.ServiceException: by.epam.project.exception.DaoException: Error in the requesting to the database.
	at by.epam.project.service.impl.EventTypeServiceImpl.findByNameOrWordInNameWithLimit(EventTypeServiceImpl.java:80)
	at by.epam.project.service.EventTypeServiceTest.findByNameOrWordInName(EventTypeServiceTest.java:28)
	at sun.reflect.NativeMethodAccessorImpl.invoke0(Native Method)
	at sun.reflect.NativeMethodAccessorImpl.invoke(NativeMethodAccessorImpl.java:62)
	at sun.reflect.DelegatingMethodAccessorImpl.invoke(DelegatingMethodAccessorImpl.java:43)
	at java.lang.reflect.Method.invoke(Method.java:498)
	at org.testng.internal.MethodInvocationHelper.invokeMethod(MethodInvocationHelper.java:104)
	at org.testng.internal.Invoker.invokeMethod(Invoker.java:645)
	at org.testng.internal.Invoker.invokeTestMethod(Invoker.java:851)
	at org.testng.internal.Invoker.invokeTestMethods(Invoker.java:1177)
	at org.testng.internal.TestMethodWorker.invokeTestMethods(TestMethodWorker.java:129)
	at org.testng.internal.TestMethodWorker.run(TestMethodWorker.java:112)
	at org.testng.TestRunner.privateRun(TestRunner.java:756)
	at org.testng.TestRunner.run(TestRunner.java:610)
	at org.testng.SuiteRunner.runTest(SuiteRunner.java:387)
	at org.testng.SuiteRunner.runSequentially(SuiteRunner.java:382)
	at org.testng.SuiteRunner.privateRun(SuiteRunner.java:340)
	at org.testng.SuiteRunner.run(SuiteRunner.java:289)
	at org.testng.SuiteRunnerWorker.runSuite(SuiteRunnerWorker.java:52)
	at org.testng.SuiteRunnerWorker.run(SuiteRunnerWorker.java:86)
	at org.testng.TestNG.runSuitesSequentially(TestNG.java:1293)
	at org.testng.TestNG.runSuitesLocally(TestNG.java:1218)
	at org.testng.TestNG.runSuites(TestNG.java:1133)
	at org.testng.TestNG.run(TestNG.java:1104)
	at org.apache.maven.surefire.testng.TestNGExecutor.run(TestNGExecutor.java:135)
	at org.apache.maven.surefire.testng.TestNGDirectoryTestSuite.executeMulti(TestNGDirectoryTestSuite.java:193)
	at org.apache.maven.surefire.testng.TestNGDirectoryTestSuite.execute(TestNGDirectoryTestSuite.java:94)
	at org.apache.maven.surefire.testng.TestNGProvider.invoke(TestNGProvider.java:146)
	at org.apache.maven.surefire.booter.ForkedBooter.invokeProviderInSameClassLoader(ForkedBooter.java:384)
	at org.apache.maven.surefire.booter.ForkedBooter.runSuitesInProcess(ForkedBooter.java:345)
	at org.apache.maven.surefire.booter.ForkedBooter.execute(ForkedBooter.java:126)
	at org.apache.maven.surefire.booter.ForkedBooter.main(ForkedBooter.java:418)
Caused by: by.epam.project.exception.DaoException: Error in the requesting to the database.
	at by.epam.project.dao.impl.EventTypeDaoImpl.closeResultSet(EventTypeDaoImpl.java:317)
	at by.epam.project.dao.impl.EventTypeDaoImpl.findByNameOrWordInNameWithLimit(EventTypeDaoImpl.java:168)
	at by.epam.project.service.impl.EventTypeServiceImpl.findByNameOrWordInNameWithLimit(EventTypeServiceImpl.java:78)
	... 31 more
</pre></div></td>
<td>0</td>
<td>by.epam.project.service.EventTypeServiceTest@22f71333</td></tr>
<tr>
<td title='by.epam.project.service.UserServiceTest.findByUsernameAndPass()'><b>findByUsernameAndPass</b><br>Test class: by.epam.project.service.UserServiceTest<br>Parameters: werf, 4454t</td>
<td><div><pre>java.lang.IndexOutOfBoundsException: Index: 0, Size: 0
	at java.util.ArrayList.rangeCheck(ArrayList.java:657)
	at java.util.ArrayList.get(ArrayList.java:433)
	at by.epam.project.service.UserServiceTest.findByUsernameAndPass(UserServiceTest.java:46)
... Removed 30 stack frames</pre></div><a href='#' onClick='toggleBox("stack-trace4766562", this, "Click to show all stack frames", "Click to hide stack frames")'>Click to show all stack frames</a>
<div class='stack-trace' id='stack-trace4766562'><pre>java.lang.IndexOutOfBoundsException: Index: 0, Size: 0
	at java.util.ArrayList.rangeCheck(ArrayList.java:657)
	at java.util.ArrayList.get(ArrayList.java:433)
	at by.epam.project.service.UserServiceTest.findByUsernameAndPass(UserServiceTest.java:46)
	at sun.reflect.NativeMethodAccessorImpl.invoke0(Native Method)
	at sun.reflect.NativeMethodAccessorImpl.invoke(NativeMethodAccessorImpl.java:62)
	at sun.reflect.DelegatingMethodAccessorImpl.invoke(DelegatingMethodAccessorImpl.java:43)
	at java.lang.reflect.Method.invoke(Method.java:498)
	at org.testng.internal.MethodInvocationHelper.invokeMethod(MethodInvocationHelper.java:104)
	at org.testng.internal.Invoker.invokeMethod(Invoker.java:645)
	at org.testng.internal.Invoker.invokeTestMethod(Invoker.java:851)
	at org.testng.internal.Invoker.invokeTestMethods(Invoker.java:1177)
	at org.testng.internal.TestMethodWorker.invokeTestMethods(TestMethodWorker.java:129)
	at org.testng.internal.TestMethodWorker.run(TestMethodWorker.java:112)
	at org.testng.TestRunner.privateRun(TestRunner.java:756)
	at org.testng.TestRunner.run(TestRunner.java:610)
	at org.testng.SuiteRunner.runTest(SuiteRunner.java:387)
	at org.testng.SuiteRunner.runSequentially(SuiteRunner.java:382)
	at org.testng.SuiteRunner.privateRun(SuiteRunner.java:340)
	at org.testng.SuiteRunner.run(SuiteRunner.java:289)
	at org.testng.SuiteRunnerWorker.runSuite(SuiteRunnerWorker.java:52)
	at org.testng.SuiteRunnerWorker.run(SuiteRunnerWorker.java:86)
	at org.testng.TestNG.runSuitesSequentially(TestNG.java:1293)
	at org.testng.TestNG.runSuitesLocally(TestNG.java:1218)
	at org.testng.TestNG.runSuites(TestNG.java:1133)
	at org.testng.TestNG.run(TestNG.java:1104)
	at org.apache.maven.surefire.testng.TestNGExecutor.run(TestNGExecutor.java:135)
	at org.apache.maven.surefire.testng.TestNGDirectoryTestSuite.executeMulti(TestNGDirectoryTestSuite.java:193)
	at org.apache.maven.surefire.testng.TestNGDirectoryTestSuite.execute(TestNGDirectoryTestSuite.java:94)
	at org.apache.maven.surefire.testng.TestNGProvider.invoke(TestNGProvider.java:146)
	at org.apache.maven.surefire.booter.ForkedBooter.invokeProviderInSameClassLoader(ForkedBooter.java:384)
	at org.apache.maven.surefire.booter.ForkedBooter.runSuitesInProcess(ForkedBooter.java:345)
	at org.apache.maven.surefire.booter.ForkedBooter.execute(ForkedBooter.java:126)
	at org.apache.maven.surefire.booter.ForkedBooter.main(ForkedBooter.java:418)
</pre></div></td>
<td>0</td>
<td>by.epam.project.service.UserServiceTest@1a407d53</td></tr>
<tr>
<td title='by.epam.project.service.UserServiceTest.findByUsernameAndPass()'><b>findByUsernameAndPass</b><br>Test class: by.epam.project.service.UserServiceTest<br>Parameters: ghyjj, ererf</td>
<td><div><pre>java.lang.IndexOutOfBoundsException: Index: 0, Size: 0
	at java.util.ArrayList.rangeCheck(ArrayList.java:657)
	at java.util.ArrayList.get(ArrayList.java:433)
	at by.epam.project.service.UserServiceTest.findByUsernameAndPass(UserServiceTest.java:46)
... Removed 30 stack frames</pre></div><a href='#' onClick='toggleBox("stack-trace1182908789", this, "Click to show all stack frames", "Click to hide stack frames")'>Click to show all stack frames</a>
<div class='stack-trace' id='stack-trace1182908789'><pre>java.lang.IndexOutOfBoundsException: Index: 0, Size: 0
	at java.util.ArrayList.rangeCheck(ArrayList.java:657)
	at java.util.ArrayList.get(ArrayList.java:433)
	at by.epam.project.service.UserServiceTest.findByUsernameAndPass(UserServiceTest.java:46)
	at sun.reflect.NativeMethodAccessorImpl.invoke0(Native Method)
	at sun.reflect.NativeMethodAccessorImpl.invoke(NativeMethodAccessorImpl.java:62)
	at sun.reflect.DelegatingMethodAccessorImpl.invoke(DelegatingMethodAccessorImpl.java:43)
	at java.lang.reflect.Method.invoke(Method.java:498)
	at org.testng.internal.MethodInvocationHelper.invokeMethod(MethodInvocationHelper.java:104)
	at org.testng.internal.Invoker.invokeMethod(Invoker.java:645)
	at org.testng.internal.Invoker.invokeTestMethod(Invoker.java:851)
	at org.testng.internal.Invoker.invokeTestMethods(Invoker.java:1177)
	at org.testng.internal.TestMethodWorker.invokeTestMethods(TestMethodWorker.java:129)
	at org.testng.internal.TestMethodWorker.run(TestMethodWorker.java:112)
	at org.testng.TestRunner.privateRun(TestRunner.java:756)
	at org.testng.TestRunner.run(TestRunner.java:610)
	at org.testng.SuiteRunner.runTest(SuiteRunner.java:387)
	at org.testng.SuiteRunner.runSequentially(SuiteRunner.java:382)
	at org.testng.SuiteRunner.privateRun(SuiteRunner.java:340)
	at org.testng.SuiteRunner.run(SuiteRunner.java:289)
	at org.testng.SuiteRunnerWorker.runSuite(SuiteRunnerWorker.java:52)
	at org.testng.SuiteRunnerWorker.run(SuiteRunnerWorker.java:86)
	at org.testng.TestNG.runSuitesSequentially(TestNG.java:1293)
	at org.testng.TestNG.runSuitesLocally(TestNG.java:1218)
	at org.testng.TestNG.runSuites(TestNG.java:1133)
	at org.testng.TestNG.run(TestNG.java:1104)
	at org.apache.maven.surefire.testng.TestNGExecutor.run(TestNGExecutor.java:135)
	at org.apache.maven.surefire.testng.TestNGDirectoryTestSuite.executeMulti(TestNGDirectoryTestSuite.java:193)
	at org.apache.maven.surefire.testng.TestNGDirectoryTestSuite.execute(TestNGDirectoryTestSuite.java:94)
	at org.apache.maven.surefire.testng.TestNGProvider.invoke(TestNGProvider.java:146)
	at org.apache.maven.surefire.booter.ForkedBooter.invokeProviderInSameClassLoader(ForkedBooter.java:384)
	at org.apache.maven.surefire.booter.ForkedBooter.runSuitesInProcess(ForkedBooter.java:345)
	at org.apache.maven.surefire.booter.ForkedBooter.execute(ForkedBooter.java:126)
	at org.apache.maven.surefire.booter.ForkedBooter.main(ForkedBooter.java:418)
</pre></div></td>
<td>0</td>
<td>by.epam.project.service.UserServiceTest@1a407d53</td></tr>
<tr>
<td title='by.epam.project.service.TicketServiceTest.testFindOrderById()'><b>testFindOrderById</b><br>Test class: by.epam.project.service.TicketServiceTest<br>Parameters: 1, 1</td>
<td><div><pre>by.epam.project.exception.ServiceException: by.epam.project.exception.DaoException: by.epam.project.exception.ServiceException: by.epam.project.exception.DaoException: java.sql.SQLSyntaxErrorException: You have an error in your SQL syntax; check the manual that corresponds to your MySQL server version for the right syntax to use near &apos;order WHERE order_id=1&apos; at line 1
	at by.epam.project.service.impl.TicketServiceImpl.findTicketById(TicketServiceImpl.java:68)
	at by.epam.project.service.TicketServiceTest.testFindOrderById(TicketServiceTest.java:27)
Caused by: by.epam.project.exception.DaoException: by.epam.project.exception.ServiceException: by.epam.project.exception.DaoException: java.sql.SQLSyntaxErrorException: You have an error in your SQL syntax; check the manual that corresponds to your MySQL server version for the right syntax to use near &apos;order WHERE order_id=1&apos; at line 1
	at by.epam.project.dao.impl.TicketDaoImpl.findById(TicketDaoImpl.java:166)
	at by.epam.project.dao.impl.TicketDaoImpl.findById(TicketDaoImpl.java:14)
	at by.epam.project.service.impl.TicketServiceImpl.findTicketById(TicketServiceImpl.java:66)
	... 31 more
Caused by: by.epam.project.exception.ServiceException: by.epam.project.exception.DaoException: java.sql.SQLSyntaxErrorException: You have an error in your SQL syntax; check the manual that corresponds to your MySQL server version for the right syntax to use near &apos;order WHERE order_id=1&apos; at line 1
	at by.epam.project.service.impl.OrderServiceImpl.findOrderById(OrderServiceImpl.java:79)
	at by.epam.project.dao.impl.TicketDaoImpl.findOrderById(TicketDaoImpl.java:57)
	at by.epam.project.dao.impl.TicketDaoImpl.findById(TicketDaoImpl.java:158)
	... 33 more
Caused by: by.epam.project.exception.DaoException: java.sql.SQLSyntaxErrorException: You have an error in your SQL syntax; check the manual that corresponds to your MySQL server version for the right syntax to use near &apos;order WHERE order_id=1&apos; at line 1
	at by.epam.project.dao.impl.OrderDaoImpl.findById(OrderDaoImpl.java:227)
	at by.epam.project.dao.impl.OrderDaoImpl.findById(OrderDaoImpl.java:24)
	at by.epam.project.service.impl.OrderServiceImpl.findOrderById(OrderServiceImpl.java:77)
	... 35 more
Caused by: java.sql.SQLSyntaxErrorException: You have an error in your SQL syntax; check the manual that corresponds to your MySQL server version for the right syntax to use near &apos;order WHERE order_id=1&apos; at line 1
	at com.mysql.cj.jdbc.exceptions.SQLError.createSQLException(SQLError.java:120)
	at com.mysql.cj.jdbc.exceptions.SQLError.createSQLException(SQLError.java:97)
	at com.mysql.cj.jdbc.exceptions.SQLExceptionsMapping.translateException(SQLExceptionsMapping.java:122)
	at com.mysql.cj.jdbc.ClientPreparedStatement.executeInternal(ClientPreparedStatement.java:953)
	at com.mysql.cj.jdbc.ClientPreparedStatement.executeQuery(ClientPreparedStatement.java:1003)
	at by.epam.project.dao.impl.OrderDaoImpl.findById(OrderDaoImpl.java:211)
	... 37 more
... Removed 30 stack frames</pre></div><a href='#' onClick='toggleBox("stack-trace405215542", this, "Click to show all stack frames", "Click to hide stack frames")'>Click to show all stack frames</a>
<div class='stack-trace' id='stack-trace405215542'><pre>by.epam.project.exception.ServiceException: by.epam.project.exception.DaoException: by.epam.project.exception.ServiceException: by.epam.project.exception.DaoException: java.sql.SQLSyntaxErrorException: You have an error in your SQL syntax; check the manual that corresponds to your MySQL server version for the right syntax to use near &apos;order WHERE order_id=1&apos; at line 1
	at by.epam.project.service.impl.TicketServiceImpl.findTicketById(TicketServiceImpl.java:68)
	at by.epam.project.service.TicketServiceTest.testFindOrderById(TicketServiceTest.java:27)
	at sun.reflect.NativeMethodAccessorImpl.invoke0(Native Method)
	at sun.reflect.NativeMethodAccessorImpl.invoke(NativeMethodAccessorImpl.java:62)
	at sun.reflect.DelegatingMethodAccessorImpl.invoke(DelegatingMethodAccessorImpl.java:43)
	at java.lang.reflect.Method.invoke(Method.java:498)
	at org.testng.internal.MethodInvocationHelper.invokeMethod(MethodInvocationHelper.java:104)
	at org.testng.internal.Invoker.invokeMethod(Invoker.java:645)
	at org.testng.internal.Invoker.invokeTestMethod(Invoker.java:851)
	at org.testng.internal.Invoker.invokeTestMethods(Invoker.java:1177)
	at org.testng.internal.TestMethodWorker.invokeTestMethods(TestMethodWorker.java:129)
	at org.testng.internal.TestMethodWorker.run(TestMethodWorker.java:112)
	at org.testng.TestRunner.privateRun(TestRunner.java:756)
	at org.testng.TestRunner.run(TestRunner.java:610)
	at org.testng.SuiteRunner.runTest(SuiteRunner.java:387)
	at org.testng.SuiteRunner.runSequentially(SuiteRunner.java:382)
	at org.testng.SuiteRunner.privateRun(SuiteRunner.java:340)
	at org.testng.SuiteRunner.run(SuiteRunner.java:289)
	at org.testng.SuiteRunnerWorker.runSuite(SuiteRunnerWorker.java:52)
	at org.testng.SuiteRunnerWorker.run(SuiteRunnerWorker.java:86)
	at org.testng.TestNG.runSuitesSequentially(TestNG.java:1293)
	at org.testng.TestNG.runSuitesLocally(TestNG.java:1218)
	at org.testng.TestNG.runSuites(TestNG.java:1133)
	at org.testng.TestNG.run(TestNG.java:1104)
	at org.apache.maven.surefire.testng.TestNGExecutor.run(TestNGExecutor.java:135)
	at org.apache.maven.surefire.testng.TestNGDirectoryTestSuite.executeMulti(TestNGDirectoryTestSuite.java:193)
	at org.apache.maven.surefire.testng.TestNGDirectoryTestSuite.execute(TestNGDirectoryTestSuite.java:94)
	at org.apache.maven.surefire.testng.TestNGProvider.invoke(TestNGProvider.java:146)
	at org.apache.maven.surefire.booter.ForkedBooter.invokeProviderInSameClassLoader(ForkedBooter.java:384)
	at org.apache.maven.surefire.booter.ForkedBooter.runSuitesInProcess(ForkedBooter.java:345)
	at org.apache.maven.surefire.booter.ForkedBooter.execute(ForkedBooter.java:126)
	at org.apache.maven.surefire.booter.ForkedBooter.main(ForkedBooter.java:418)
Caused by: by.epam.project.exception.DaoException: by.epam.project.exception.ServiceException: by.epam.project.exception.DaoException: java.sql.SQLSyntaxErrorException: You have an error in your SQL syntax; check the manual that corresponds to your MySQL server version for the right syntax to use near &apos;order WHERE order_id=1&apos; at line 1
	at by.epam.project.dao.impl.TicketDaoImpl.findById(TicketDaoImpl.java:166)
	at by.epam.project.dao.impl.TicketDaoImpl.findById(TicketDaoImpl.java:14)
	at by.epam.project.service.impl.TicketServiceImpl.findTicketById(TicketServiceImpl.java:66)
	... 31 more
Caused by: by.epam.project.exception.ServiceException: by.epam.project.exception.DaoException: java.sql.SQLSyntaxErrorException: You have an error in your SQL syntax; check the manual that corresponds to your MySQL server version for the right syntax to use near &apos;order WHERE order_id=1&apos; at line 1
	at by.epam.project.service.impl.OrderServiceImpl.findOrderById(OrderServiceImpl.java:79)
	at by.epam.project.dao.impl.TicketDaoImpl.findOrderById(TicketDaoImpl.java:57)
	at by.epam.project.dao.impl.TicketDaoImpl.findById(TicketDaoImpl.java:158)
	... 33 more
Caused by: by.epam.project.exception.DaoException: java.sql.SQLSyntaxErrorException: You have an error in your SQL syntax; check the manual that corresponds to your MySQL server version for the right syntax to use near &apos;order WHERE order_id=1&apos; at line 1
	at by.epam.project.dao.impl.OrderDaoImpl.findById(OrderDaoImpl.java:227)
	at by.epam.project.dao.impl.OrderDaoImpl.findById(OrderDaoImpl.java:24)
	at by.epam.project.service.impl.OrderServiceImpl.findOrderById(OrderServiceImpl.java:77)
	... 35 more
Caused by: java.sql.SQLSyntaxErrorException: You have an error in your SQL syntax; check the manual that corresponds to your MySQL server version for the right syntax to use near &apos;order WHERE order_id=1&apos; at line 1
	at com.mysql.cj.jdbc.exceptions.SQLError.createSQLException(SQLError.java:120)
	at com.mysql.cj.jdbc.exceptions.SQLError.createSQLException(SQLError.java:97)
	at com.mysql.cj.jdbc.exceptions.SQLExceptionsMapping.translateException(SQLExceptionsMapping.java:122)
	at com.mysql.cj.jdbc.ClientPreparedStatement.executeInternal(ClientPreparedStatement.java:953)
	at com.mysql.cj.jdbc.ClientPreparedStatement.executeQuery(ClientPreparedStatement.java:1003)
	at by.epam.project.dao.impl.OrderDaoImpl.findById(OrderDaoImpl.java:211)
	... 37 more
</pre></div></td>
<td>0</td>
<td>by.epam.project.service.TicketServiceTest@6aaa5eb0</td></tr>
<tr>
<td title='by.epam.project.service.EventServiceTest.testServiceFindEventById()'><b>testServiceFindEventById</b><br>Test class: by.epam.project.service.EventServiceTest<br>Parameters: 1, 1</td>
<td><div><pre>java.lang.AssertionError: expected [1] but found [EventType {eventTypeId= 1, eventName= concert, eventAddress= Minsk, description=concert, imageURL=C:UsersDELLDesktop”˜Â·‡HTP14Finalyyy.png}]
	at by.epam.project.service.EventServiceTest.testServiceFindEventById(EventServiceTest.java:28)
... Removed 35 stack frames</pre></div><a href='#' onClick='toggleBox("stack-trace1579957528", this, "Click to show all stack frames", "Click to hide stack frames")'>Click to show all stack frames</a>
<div class='stack-trace' id='stack-trace1579957528'><pre>java.lang.AssertionError: expected [1] but found [EventType {eventTypeId= 1, eventName= concert, eventAddress= Minsk, description=concert, imageURL=C:UsersDELLDesktop”˜Â·‡HTP14Finalyyy.png}]
	at org.testng.Assert.fail(Assert.java:94)
	at org.testng.Assert.failNotEquals(Assert.java:513)
	at org.testng.Assert.assertEqualsImpl(Assert.java:135)
	at org.testng.Assert.assertEquals(Assert.java:116)
	at org.testng.Assert.assertEquals(Assert.java:179)
	at by.epam.project.service.EventServiceTest.testServiceFindEventById(EventServiceTest.java:28)
	at sun.reflect.NativeMethodAccessorImpl.invoke0(Native Method)
	at sun.reflect.NativeMethodAccessorImpl.invoke(NativeMethodAccessorImpl.java:62)
	at sun.reflect.DelegatingMethodAccessorImpl.invoke(DelegatingMethodAccessorImpl.java:43)
	at java.lang.reflect.Method.invoke(Method.java:498)
	at org.testng.internal.MethodInvocationHelper.invokeMethod(MethodInvocationHelper.java:104)
	at org.testng.internal.Invoker.invokeMethod(Invoker.java:645)
	at org.testng.internal.Invoker.invokeTestMethod(Invoker.java:851)
	at org.testng.internal.Invoker.invokeTestMethods(Invoker.java:1177)
	at org.testng.internal.TestMethodWorker.invokeTestMethods(TestMethodWorker.java:129)
	at org.testng.internal.TestMethodWorker.run(TestMethodWorker.java:112)
	at org.testng.TestRunner.privateRun(TestRunner.java:756)
	at org.testng.TestRunner.run(TestRunner.java:610)
	at org.testng.SuiteRunner.runTest(SuiteRunner.java:387)
	at org.testng.SuiteRunner.runSequentially(SuiteRunner.java:382)
	at org.testng.SuiteRunner.privateRun(SuiteRunner.java:340)
	at org.testng.SuiteRunner.run(SuiteRunner.java:289)
	at org.testng.SuiteRunnerWorker.runSuite(SuiteRunnerWorker.java:52)
	at org.testng.SuiteRunnerWorker.run(SuiteRunnerWorker.java:86)
	at org.testng.TestNG.runSuitesSequentially(TestNG.java:1293)
	at org.testng.TestNG.runSuitesLocally(TestNG.java:1218)
	at org.testng.TestNG.runSuites(TestNG.java:1133)
	at org.testng.TestNG.run(TestNG.java:1104)
	at org.apache.maven.surefire.testng.TestNGExecutor.run(TestNGExecutor.java:135)
	at org.apache.maven.surefire.testng.TestNGDirectoryTestSuite.executeMulti(TestNGDirectoryTestSuite.java:193)
	at org.apache.maven.surefire.testng.TestNGDirectoryTestSuite.execute(TestNGDirectoryTestSuite.java:94)
	at org.apache.maven.surefire.testng.TestNGProvider.invoke(TestNGProvider.java:146)
	at org.apache.maven.surefire.booter.ForkedBooter.invokeProviderInSameClassLoader(ForkedBooter.java:384)
	at org.apache.maven.surefire.booter.ForkedBooter.runSuitesInProcess(ForkedBooter.java:345)
	at org.apache.maven.surefire.booter.ForkedBooter.execute(ForkedBooter.java:126)
	at org.apache.maven.surefire.booter.ForkedBooter.main(ForkedBooter.java:418)
</pre></div></td>
<td>0</td>
<td>by.epam.project.service.EventServiceTest@6cd8737</td></tr>
<tr>
<td title='by.epam.project.service.OrderServiceTest.testServiceFindOrderById()'><b>testServiceFindOrderById</b><br>Test class: by.epam.project.service.OrderServiceTest<br>Parameters: 1, balcon</td>
<td><div><pre>by.epam.project.exception.ServiceException: by.epam.project.exception.DaoException: java.sql.SQLSyntaxErrorException: You have an error in your SQL syntax; check the manual that corresponds to your MySQL server version for the right syntax to use near &apos;order WHERE order_id=1&apos; at line 1
	at by.epam.project.service.impl.OrderServiceImpl.findOrderById(OrderServiceImpl.java:79)
	at by.epam.project.service.OrderServiceTest.testServiceFindOrderById(OrderServiceTest.java:27)
Caused by: by.epam.project.exception.DaoException: java.sql.SQLSyntaxErrorException: You have an error in your SQL syntax; check the manual that corresponds to your MySQL server version for the right syntax to use near &apos;order WHERE order_id=1&apos; at line 1
	at by.epam.project.dao.impl.OrderDaoImpl.findById(OrderDaoImpl.java:227)
	at by.epam.project.dao.impl.OrderDaoImpl.findById(OrderDaoImpl.java:24)
	at by.epam.project.service.impl.OrderServiceImpl.findOrderById(OrderServiceImpl.java:77)
	... 31 more
Caused by: java.sql.SQLSyntaxErrorException: You have an error in your SQL syntax; check the manual that corresponds to your MySQL server version for the right syntax to use near &apos;order WHERE order_id=1&apos; at line 1
	at com.mysql.cj.jdbc.exceptions.SQLError.createSQLException(SQLError.java:120)
	at com.mysql.cj.jdbc.exceptions.SQLError.createSQLException(SQLError.java:97)
	at com.mysql.cj.jdbc.exceptions.SQLExceptionsMapping.translateException(SQLExceptionsMapping.java:122)
	at com.mysql.cj.jdbc.ClientPreparedStatement.executeInternal(ClientPreparedStatement.java:953)
	at com.mysql.cj.jdbc.ClientPreparedStatement.executeQuery(ClientPreparedStatement.java:1003)
	at by.epam.project.dao.impl.OrderDaoImpl.findById(OrderDaoImpl.java:211)
	... 33 more
... Removed 30 stack frames</pre></div><a href='#' onClick='toggleBox("stack-trace292641216", this, "Click to show all stack frames", "Click to hide stack frames")'>Click to show all stack frames</a>
<div class='stack-trace' id='stack-trace292641216'><pre>by.epam.project.exception.ServiceException: by.epam.project.exception.DaoException: java.sql.SQLSyntaxErrorException: You have an error in your SQL syntax; check the manual that corresponds to your MySQL server version for the right syntax to use near &apos;order WHERE order_id=1&apos; at line 1
	at by.epam.project.service.impl.OrderServiceImpl.findOrderById(OrderServiceImpl.java:79)
	at by.epam.project.service.OrderServiceTest.testServiceFindOrderById(OrderServiceTest.java:27)
	at sun.reflect.NativeMethodAccessorImpl.invoke0(Native Method)
	at sun.reflect.NativeMethodAccessorImpl.invoke(NativeMethodAccessorImpl.java:62)
	at sun.reflect.DelegatingMethodAccessorImpl.invoke(DelegatingMethodAccessorImpl.java:43)
	at java.lang.reflect.Method.invoke(Method.java:498)
	at org.testng.internal.MethodInvocationHelper.invokeMethod(MethodInvocationHelper.java:104)
	at org.testng.internal.Invoker.invokeMethod(Invoker.java:645)
	at org.testng.internal.Invoker.invokeTestMethod(Invoker.java:851)
	at org.testng.internal.Invoker.invokeTestMethods(Invoker.java:1177)
	at org.testng.internal.TestMethodWorker.invokeTestMethods(TestMethodWorker.java:129)
	at org.testng.internal.TestMethodWorker.run(TestMethodWorker.java:112)
	at org.testng.TestRunner.privateRun(TestRunner.java:756)
	at org.testng.TestRunner.run(TestRunner.java:610)
	at org.testng.SuiteRunner.runTest(SuiteRunner.java:387)
	at org.testng.SuiteRunner.runSequentially(SuiteRunner.java:382)
	at org.testng.SuiteRunner.privateRun(SuiteRunner.java:340)
	at org.testng.SuiteRunner.run(SuiteRunner.java:289)
	at org.testng.SuiteRunnerWorker.runSuite(SuiteRunnerWorker.java:52)
	at org.testng.SuiteRunnerWorker.run(SuiteRunnerWorker.java:86)
	at org.testng.TestNG.runSuitesSequentially(TestNG.java:1293)
	at org.testng.TestNG.runSuitesLocally(TestNG.java:1218)
	at org.testng.TestNG.runSuites(TestNG.java:1133)
	at org.testng.TestNG.run(TestNG.java:1104)
	at org.apache.maven.surefire.testng.TestNGExecutor.run(TestNGExecutor.java:135)
	at org.apache.maven.surefire.testng.TestNGDirectoryTestSuite.executeMulti(TestNGDirectoryTestSuite.java:193)
	at org.apache.maven.surefire.testng.TestNGDirectoryTestSuite.execute(TestNGDirectoryTestSuite.java:94)
	at org.apache.maven.surefire.testng.TestNGProvider.invoke(TestNGProvider.java:146)
	at org.apache.maven.surefire.booter.ForkedBooter.invokeProviderInSameClassLoader(ForkedBooter.java:384)
	at org.apache.maven.surefire.booter.ForkedBooter.runSuitesInProcess(ForkedBooter.java:345)
	at org.apache.maven.surefire.booter.ForkedBooter.execute(ForkedBooter.java:126)
	at org.apache.maven.surefire.booter.ForkedBooter.main(ForkedBooter.java:418)
Caused by: by.epam.project.exception.DaoException: java.sql.SQLSyntaxErrorException: You have an error in your SQL syntax; check the manual that corresponds to your MySQL server version for the right syntax to use near &apos;order WHERE order_id=1&apos; at line 1
	at by.epam.project.dao.impl.OrderDaoImpl.findById(OrderDaoImpl.java:227)
	at by.epam.project.dao.impl.OrderDaoImpl.findById(OrderDaoImpl.java:24)
	at by.epam.project.service.impl.OrderServiceImpl.findOrderById(OrderServiceImpl.java:77)
	... 31 more
Caused by: java.sql.SQLSyntaxErrorException: You have an error in your SQL syntax; check the manual that corresponds to your MySQL server version for the right syntax to use near &apos;order WHERE order_id=1&apos; at line 1
	at com.mysql.cj.jdbc.exceptions.SQLError.createSQLException(SQLError.java:120)
	at com.mysql.cj.jdbc.exceptions.SQLError.createSQLException(SQLError.java:97)
	at com.mysql.cj.jdbc.exceptions.SQLExceptionsMapping.translateException(SQLExceptionsMapping.java:122)
	at com.mysql.cj.jdbc.ClientPreparedStatement.executeInternal(ClientPreparedStatement.java:953)
	at com.mysql.cj.jdbc.ClientPreparedStatement.executeQuery(ClientPreparedStatement.java:1003)
	at by.epam.project.dao.impl.OrderDaoImpl.findById(OrderDaoImpl.java:211)
	... 33 more
</pre></div></td>
<td>0</td>
<td>by.epam.project.service.OrderServiceTest@13969fbe</td></tr>
</table><p>
<table width='100%' border='1' class='invocation-passed'>
<tr><td colspan='4' align='center'><b>PASSED TESTS</b></td></tr>
<tr><td><b>Test method</b></td>
<td width="30%"><b>Exception</b></td>
<td width="10%"><b>Time (seconds)</b></td>
<td><b>Instance</b></td>
</tr>
<tr>
<td title='by.epam.project.service.UserServiceTest.findByUsernameAndPass()'><b>findByUsernameAndPass</b><br>Test class: by.epam.project.service.UserServiceTest<br>Parameters: Anastasiya, 210789</td>
<td></td>
<td>0</td>
<td>by.epam.project.service.UserServiceTest@1a407d53</td></tr>
<tr>
<td title='by.epam.project.connection.ConnectionPoolTest.testCheckPoolSize()'><b>testCheckPoolSize</b><br>Test class: by.epam.project.connection.ConnectionPoolTest</td>
<td></td>
<td>0</td>
<td>by.epam.project.connection.ConnectionPoolTest@1554909b</td></tr>
<tr>
<td title='by.epam.project.service.UserServiceTest.testFindById()'><b>testFindById</b><br>Test class: by.epam.project.service.UserServiceTest<br>Parameters: 1, Nastya</td>
<td></td>
<td>0</td>
<td>by.epam.project.service.UserServiceTest@1a407d53</td></tr>
<tr>
<td title='by.epam.project.service.UserServiceTest.testFindById()'><b>testFindById</b><br>Test class: by.epam.project.service.UserServiceTest<br>Parameters: 2, Anna</td>
<td></td>
<td>0</td>
<td>by.epam.project.service.UserServiceTest@1a407d53</td></tr>
<tr>
<td title='by.epam.project.service.UserServiceTest.testFindById()'><b>testFindById</b><br>Test class: by.epam.project.service.UserServiceTest<br>Parameters: 3, Igorik</td>
<td></td>
<td>0</td>
<td>by.epam.project.service.UserServiceTest@1a407d53</td></tr>
<tr>
<td title='by.epam.project.service.UserServiceTest.testFindUserByEmailAndPassword()'><b>testFindUserByEmailAndPassword</b><br>Test class: by.epam.project.service.UserServiceTest<br>Parameters: shpakavaa@gmail.com, 210789</td>
<td></td>
<td>0</td>
<td>by.epam.project.service.UserServiceTest@1a407d53</td></tr>
<tr>
<td title='by.epam.project.service.UserCommentServiceTest.testServiceFindUserCommentsById()'><b>testServiceFindUserCommentsById</b><br>Test class: by.epam.project.service.UserCommentServiceTest<br>Parameters: 1, Cool</td>
<td></td>
<td>0</td>
<td>by.epam.project.service.UserCommentServiceTest@3498ed</td></tr>
<tr>
<td title='by.epam.project.RegistrationTest.validationPasswordTest()'><b>validationPasswordTest</b><br>Test class: by.epam.project.RegistrationTest<br>Parameters: A1, false</td>
<td></td>
<td>0</td>
<td>by.epam.project.RegistrationTest@6bf256fa</td></tr>
<tr>
<td title='by.epam.project.RegistrationTest.validationPasswordTest()'><b>validationPasswordTest</b><br>Test class: by.epam.project.RegistrationTest<br>Parameters: djfH8jshf, true</td>
<td></td>
<td>0</td>
<td>by.epam.project.RegistrationTest@6bf256fa</td></tr>
<tr>
<td title='by.epam.project.RegistrationTest.validationPasswordTest()'><b>validationPasswordTest</b><br>Test class: by.epam.project.RegistrationTest<br>Parameters: ddfkgkgkgkgkgkgksdff, false</td>
<td></td>
<td>0</td>
<td>by.epam.project.RegistrationTest@6bf256fa</td></tr>
<tr>
<td title='by.epam.project.RegistrationTest.validationPasswordTest()'><b>validationPasswordTest</b><br>Test class: by.epam.project.RegistrationTest<br>Parameters: Nastya1, true</td>
<td></td>
<td>0</td>
<td>by.epam.project.RegistrationTest@6bf256fa</td></tr>
<tr>
<td title='by.epam.project.RegistrationTest.validationUsernameTest()'><b>validationUsernameTest</b><br>Test class: by.epam.project.RegistrationTest<br>Parameters: annaan, true</td>
<td></td>
<td>0</td>
<td>by.epam.project.RegistrationTest@6bf256fa</td></tr>
<tr>
<td title='by.epam.project.RegistrationTest.validationUsernameTest()'><b>validationUsernameTest</b><br>Test class: by.epam.project.RegistrationTest<br>Parameters:       , false</td>
<td></td>
<td>0</td>
<td>by.epam.project.RegistrationTest@6bf256fa</td></tr>
<tr>
<td title='by.epam.project.RegistrationTest.validationUsernameTest()'><b>validationUsernameTest</b><br>Test class: by.epam.project.RegistrationTest<br>Parameters: vf, false</td>
<td></td>
<td>0</td>
<td>by.epam.project.RegistrationTest@6bf256fa</td></tr>
<tr>
<td title='by.epam.project.RegistrationTest.validationUsernameTest()'><b>validationUsernameTest</b><br>Test class: by.epam.project.RegistrationTest<br>Parameters: Bg_jagsw, true</td>
<td></td>
<td>0</td>
<td>by.epam.project.RegistrationTest@6bf256fa</td></tr>
</table><p>
</body>
</html>