<?xml version="1.0" encoding="UTF-8"?>
<!-- Generated by org.testng.reporters.JUnitXMLReporter -->
<testsuite hostname="DESKTOP-VKVI7U2" ignored="0" name="Surefire test" tests="21" failures="6" timestamp="17 фев 2020 15:09:00 GMT" time="2.676" errors="0">
  <testcase name="testCheckPoolSize" time="0.003" classname="by.epam.project.connection.ConnectionPoolTest"/>
  <testcase name="testServiceFindOrderById" time="0.047" classname="by.epam.project.service.OrderServiceTest">
    <failure type="by.epam.project.exception.ServiceException" message="by.epam.project.exception.DaoException: java.sql.SQLSyntaxErrorException: You have an error in your SQL syntax; check the manual that corresponds to your MySQL server version for the right syntax to use near &amp;apos;order WHERE order_id=1&amp;apos; at line 1">
      <![CDATA[by.epam.project.exception.ServiceException: by.epam.project.exception.DaoException: java.sql.SQLSyntaxErrorException: You have an error in your SQL syntax; check the manual that corresponds to your MySQL server version for the right syntax to use near 'order WHERE order_id=1' at line 1
	at by.epam.project.service.impl.OrderServiceImpl.findOrderById(OrderServiceImpl.java:79)
	at by.epam.project.service.OrderServiceTest.testServiceFindOrderById(OrderServiceTest.java:27)
Caused by: by.epam.project.exception.DaoException: java.sql.SQLSyntaxErrorException: You have an error in your SQL syntax; check the manual that corresponds to your MySQL server version for the right syntax to use near 'order WHERE order_id=1' at line 1
	at by.epam.project.dao.impl.OrderDaoImpl.findById(OrderDaoImpl.java:227)
	at by.epam.project.dao.impl.OrderDaoImpl.findById(OrderDaoImpl.java:24)
	at by.epam.project.service.impl.OrderServiceImpl.findOrderById(OrderServiceImpl.java:77)
	... 31 more
Caused by: java.sql.SQLSyntaxErrorException: You have an error in your SQL syntax; check the manual that corresponds to your MySQL server version for the right syntax to use near 'order WHERE order_id=1' at line 1
	at com.mysql.cj.jdbc.exceptions.SQLError.createSQLException(SQLError.java:120)
	at com.mysql.cj.jdbc.exceptions.SQLError.createSQLException(SQLError.java:97)
	at com.mysql.cj.jdbc.exceptions.SQLExceptionsMapping.translateException(SQLExceptionsMapping.java:122)
	at com.mysql.cj.jdbc.ClientPreparedStatement.executeInternal(ClientPreparedStatement.java:953)
	at com.mysql.cj.jdbc.ClientPreparedStatement.executeQuery(ClientPreparedStatement.java:1003)
	at by.epam.project.dao.impl.OrderDaoImpl.findById(OrderDaoImpl.java:211)
	... 33 more
... Removed 30 stack frames]]>
    </failure>
  </testcase> <!-- testServiceFindOrderById -->
  <testcase name="validationPasswordTest" time="0.0" classname="by.epam.project.RegistrationTest"/>
  <testcase name="validationPasswordTest" time="0.0" classname="by.epam.project.RegistrationTest"/>
  <testcase name="validationPasswordTest" time="0.0" classname="by.epam.project.RegistrationTest"/>
  <testcase name="validationPasswordTest" time="0.0" classname="by.epam.project.RegistrationTest"/>
  <testcase name="validationUsernameTest" time="0.0" classname="by.epam.project.RegistrationTest"/>
  <testcase name="validationUsernameTest" time="0.0" classname="by.epam.project.RegistrationTest"/>
  <testcase name="validationUsernameTest" time="0.0" classname="by.epam.project.RegistrationTest"/>
  <testcase name="validationUsernameTest" time="0.0" classname="by.epam.project.RegistrationTest"/>
  <testcase name="testFindOrderById" time="0.02" classname="by.epam.project.service.TicketServiceTest">
    <failure type="by.epam.project.exception.ServiceException" message="by.epam.project.exception.DaoException: by.epam.project.exception.ServiceException: by.epam.project.exception.DaoException: java.sql.SQLSyntaxErrorException: You have an error in your SQL syntax; check the manual that corresponds to your MySQL server version for the right syntax to use near &amp;apos;order WHERE order_id=1&amp;apos; at line 1">
      <![CDATA[by.epam.project.exception.ServiceException: by.epam.project.exception.DaoException: by.epam.project.exception.ServiceException: by.epam.project.exception.DaoException: java.sql.SQLSyntaxErrorException: You have an error in your SQL syntax; check the manual that corresponds to your MySQL server version for the right syntax to use near 'order WHERE order_id=1' at line 1
	at by.epam.project.service.impl.TicketServiceImpl.findTicketById(TicketServiceImpl.java:68)
	at by.epam.project.service.TicketServiceTest.testFindOrderById(TicketServiceTest.java:27)
Caused by: by.epam.project.exception.DaoException: by.epam.project.exception.ServiceException: by.epam.project.exception.DaoException: java.sql.SQLSyntaxErrorException: You have an error in your SQL syntax; check the manual that corresponds to your MySQL server version for the right syntax to use near 'order WHERE order_id=1' at line 1
	at by.epam.project.dao.impl.TicketDaoImpl.findById(TicketDaoImpl.java:166)
	at by.epam.project.dao.impl.TicketDaoImpl.findById(TicketDaoImpl.java:14)
	at by.epam.project.service.impl.TicketServiceImpl.findTicketById(TicketServiceImpl.java:66)
	... 31 more
Caused by: by.epam.project.exception.ServiceException: by.epam.project.exception.DaoException: java.sql.SQLSyntaxErrorException: You have an error in your SQL syntax; check the manual that corresponds to your MySQL server version for the right syntax to use near 'order WHERE order_id=1' at line 1
	at by.epam.project.service.impl.OrderServiceImpl.findOrderById(OrderServiceImpl.java:79)
	at by.epam.project.dao.impl.TicketDaoImpl.findOrderById(TicketDaoImpl.java:57)
	at by.epam.project.dao.impl.TicketDaoImpl.findById(TicketDaoImpl.java:158)
	... 33 more
Caused by: by.epam.project.exception.DaoException: java.sql.SQLSyntaxErrorException: You have an error in your SQL syntax; check the manual that corresponds to your MySQL server version for the right syntax to use near 'order WHERE order_id=1' at line 1
	at by.epam.project.dao.impl.OrderDaoImpl.findById(OrderDaoImpl.java:227)
	at by.epam.project.dao.impl.OrderDaoImpl.findById(OrderDaoImpl.java:24)
	at by.epam.project.service.impl.OrderServiceImpl.findOrderById(OrderServiceImpl.java:77)
	... 35 more
Caused by: java.sql.SQLSyntaxErrorException: You have an error in your SQL syntax; check the manual that corresponds to your MySQL server version for the right syntax to use near 'order WHERE order_id=1' at line 1
	at com.mysql.cj.jdbc.exceptions.SQLError.createSQLException(SQLError.java:120)
	at com.mysql.cj.jdbc.exceptions.SQLError.createSQLException(SQLError.java:97)
	at com.mysql.cj.jdbc.exceptions.SQLExceptionsMapping.translateException(SQLExceptionsMapping.java:122)
	at com.mysql.cj.jdbc.ClientPreparedStatement.executeInternal(ClientPreparedStatement.java:953)
	at com.mysql.cj.jdbc.ClientPreparedStatement.executeQuery(ClientPreparedStatement.java:1003)
	at by.epam.project.dao.impl.OrderDaoImpl.findById(OrderDaoImpl.java:211)
	... 37 more
... Removed 30 stack frames]]>
    </failure>
  </testcase> <!-- testFindOrderById -->
  <testcase name="testServiceFindEventById" time="0.021" classname="by.epam.project.service.EventServiceTest">
    <failure type="java.lang.AssertionError" message="expected [1] but found [EventType {eventTypeId= 1, eventName= concert, eventAddress= Minsk, description=concert, imageURL=C:UsersDELLDesktopУчебаHTP14Finalyyy.png}]">
      <![CDATA[java.lang.AssertionError: expected [1] but found [EventType {eventTypeId= 1, eventName= concert, eventAddress= Minsk, description=concert, imageURL=C:UsersDELLDesktopУчебаHTP14Finalyyy.png}]
	at by.epam.project.service.EventServiceTest.testServiceFindEventById(EventServiceTest.java:28)
... Removed 35 stack frames]]>
    </failure>
  </testcase> <!-- testServiceFindEventById -->
  <testcase name="testServiceFindUserCommentsById" time="0.012" classname="by.epam.project.service.UserCommentServiceTest"/>
  <testcase name="findByNameOrWordInName" time="0.002" classname="by.epam.project.service.EventTypeServiceTest">
    <failure type="by.epam.project.exception.ServiceException" message="by.epam.project.exception.DaoException: Error in the requesting to the database.">
      <![CDATA[by.epam.project.exception.ServiceException: by.epam.project.exception.DaoException: Error in the requesting to the database.
	at by.epam.project.service.impl.EventTypeServiceImpl.findByNameOrWordInNameWithLimit(EventTypeServiceImpl.java:80)
	at by.epam.project.service.EventTypeServiceTest.findByNameOrWordInName(EventTypeServiceTest.java:28)
Caused by: by.epam.project.exception.DaoException: Error in the requesting to the database.
	at by.epam.project.dao.impl.EventTypeDaoImpl.closeResultSet(EventTypeDaoImpl.java:317)
	at by.epam.project.dao.impl.EventTypeDaoImpl.findByNameOrWordInNameWithLimit(EventTypeDaoImpl.java:168)
	at by.epam.project.service.impl.EventTypeServiceImpl.findByNameOrWordInNameWithLimit(EventTypeServiceImpl.java:78)
	... 31 more
... Removed 30 stack frames]]>
    </failure>
  </testcase> <!-- findByNameOrWordInName -->
  <testcase name="findByUsernameAndPass" time="0.015" classname="by.epam.project.service.UserServiceTest"/>
  <testcase name="findByUsernameAndPass" time="0.003" classname="by.epam.project.service.UserServiceTest">
    <failure type="java.lang.IndexOutOfBoundsException" message="Index: 0, Size: 0">
      <![CDATA[java.lang.IndexOutOfBoundsException: Index: 0, Size: 0
	at java.util.ArrayList.rangeCheck(ArrayList.java:657)
	at java.util.ArrayList.get(ArrayList.java:433)
	at by.epam.project.service.UserServiceTest.findByUsernameAndPass(UserServiceTest.java:46)
... Removed 30 stack frames]]>
    </failure>
  </testcase> <!-- findByUsernameAndPass -->
  <testcase name="findByUsernameAndPass" time="0.003" classname="by.epam.project.service.UserServiceTest">
    <failure type="java.lang.IndexOutOfBoundsException" message="Index: 0, Size: 0">
      <![CDATA[java.lang.IndexOutOfBoundsException: Index: 0, Size: 0
	at java.util.ArrayList.rangeCheck(ArrayList.java:657)
	at java.util.ArrayList.get(ArrayList.java:433)
	at by.epam.project.service.UserServiceTest.findByUsernameAndPass(UserServiceTest.java:46)
... Removed 30 stack frames]]>
    </failure>
  </testcase> <!-- findByUsernameAndPass -->
  <testcase name="testFindById" time="0.003" classname="by.epam.project.service.UserServiceTest"/>
  <testcase name="testFindById" time="0.003" classname="by.epam.project.service.UserServiceTest"/>
  <testcase name="testFindById" time="0.004" classname="by.epam.project.service.UserServiceTest"/>
  <testcase name="testFindUserByEmailAndPassword" time="0.006" classname="by.epam.project.service.UserServiceTest"/>
</testsuite> <!-- Surefire test -->
