<?xml version="1.0" encoding="UTF-8"?>
<testsuite xmlns:xsi="http://www.w3.org/2001/XMLSchema-instance" xsi:noNamespaceSchemaLocation="https://maven.apache.org/surefire/maven-surefire-plugin/xsd/surefire-test-report.xsd" name="TestSuite" time="4.169" tests="21" errors="0" skipped="0" failures="6">
  <properties>
[...]
</properties>
  <testcase name="testCheckPoolSize" classname="by.epam.project.connection.ConnectionPoolTest" time="0.003"/>
  <testcase name="testServiceFindOrderById" classname="by.epam.project.service.OrderServiceTest" time="0.055">
    <failure message="by.epam.project.exception.DaoException: java.sql.SQLSyntaxErrorException: You have an error in your SQL syntax; check the manual that corresponds to your MySQL server version for the right syntax to use near &apos;order WHERE order_id=1&apos; at line 1" type="by.epam.project.exception.ServiceException">by.epam.project.exception.ServiceException: by.epam.project.exception.DaoException: java.sql.SQLSyntaxErrorException: You have an error in your SQL syntax; check the manual that corresponds to your MySQL server version for the right syntax to use near 'order WHERE order_id=1' at line 1
	at by.epam.project.service.OrderServiceTest.testServiceFindOrderById(OrderServiceTest.java:27)
Caused by: by.epam.project.exception.DaoException: java.sql.SQLSyntaxErrorException: You have an error in your SQL syntax; check the manual that corresponds to your MySQL server version for the right syntax to use near 'order WHERE order_id=1' at line 1
	at by.epam.project.service.OrderServiceTest.testServiceFindOrderById(OrderServiceTest.java:27)
Caused by: java.sql.SQLSyntaxErrorException: You have an error in your SQL syntax; check the manual that corresponds to your MySQL server version for the right syntax to use near 'order WHERE order_id=1' at line 1
	at by.epam.project.service.OrderServiceTest.testServiceFindOrderById(OrderServiceTest.java:27)
</failure>
    <system-out><![CDATA[[DEBUG] 09:00.541 [main] by.epam.project.connection.ConnectionPool 117 - Available connections = 32
[DEBUG] 09:00.542 [main] by.epam.project.connection.ConnectionPool 118 - Used connections = 0
[DEBUG] 09:00.542 [main] by.epam.project.connection.ConnectionPool 119 - MAX_POOL_SIZE = 32
]]></system-out>
  </testcase>
  <testcase name="validationPasswordTest" classname="by.epam.project.RegistrationTest" time="0"/>
  <testcase name="validationPasswordTest" classname="by.epam.project.RegistrationTest" time="0"/>
  <testcase name="validationPasswordTest" classname="by.epam.project.RegistrationTest" time="0"/>
  <testcase name="validationPasswordTest" classname="by.epam.project.RegistrationTest" time="0"/>
  <testcase name="validationUsernameTest" classname="by.epam.project.RegistrationTest" time="0.001"/>
  <testcase name="validationUsernameTest" classname="by.epam.project.RegistrationTest" time="0"/>
  <testcase name="validationUsernameTest" classname="by.epam.project.RegistrationTest" time="0"/>
  <testcase name="validationUsernameTest" classname="by.epam.project.RegistrationTest" time="0.001"/>
  <testcase name="testFindOrderById" classname="by.epam.project.service.TicketServiceTest" time="0.021">
    <failure message="by.epam.project.exception.DaoException: by.epam.project.exception.ServiceException: by.epam.project.exception.DaoException: java.sql.SQLSyntaxErrorException: You have an error in your SQL syntax; check the manual that corresponds to your MySQL server version for the right syntax to use near &apos;order WHERE order_id=1&apos; at line 1" type="by.epam.project.exception.ServiceException">by.epam.project.exception.ServiceException: by.epam.project.exception.DaoException: by.epam.project.exception.ServiceException: by.epam.project.exception.DaoException: java.sql.SQLSyntaxErrorException: You have an error in your SQL syntax; check the manual that corresponds to your MySQL server version for the right syntax to use near 'order WHERE order_id=1' at line 1
	at by.epam.project.service.TicketServiceTest.testFindOrderById(TicketServiceTest.java:27)
Caused by: by.epam.project.exception.DaoException: by.epam.project.exception.ServiceException: by.epam.project.exception.DaoException: java.sql.SQLSyntaxErrorException: You have an error in your SQL syntax; check the manual that corresponds to your MySQL server version for the right syntax to use near 'order WHERE order_id=1' at line 1
	at by.epam.project.service.TicketServiceTest.testFindOrderById(TicketServiceTest.java:27)
Caused by: by.epam.project.exception.ServiceException: by.epam.project.exception.DaoException: java.sql.SQLSyntaxErrorException: You have an error in your SQL syntax; check the manual that corresponds to your MySQL server version for the right syntax to use near 'order WHERE order_id=1' at line 1
	at by.epam.project.service.TicketServiceTest.testFindOrderById(TicketServiceTest.java:27)
Caused by: by.epam.project.exception.DaoException: java.sql.SQLSyntaxErrorException: You have an error in your SQL syntax; check the manual that corresponds to your MySQL server version for the right syntax to use near 'order WHERE order_id=1' at line 1
	at by.epam.project.service.TicketServiceTest.testFindOrderById(TicketServiceTest.java:27)
Caused by: java.sql.SQLSyntaxErrorException: You have an error in your SQL syntax; check the manual that corresponds to your MySQL server version for the right syntax to use near 'order WHERE order_id=1' at line 1
	at by.epam.project.service.TicketServiceTest.testFindOrderById(TicketServiceTest.java:27)
</failure>
    <system-out><![CDATA[[DEBUG] 09:00.573 [main] by.epam.project.connection.ConnectionPool 117 - Available connections = 31
[DEBUG] 09:00.574 [main] by.epam.project.connection.ConnectionPool 118 - Used connections = 1
[DEBUG] 09:00.574 [main] by.epam.project.connection.ConnectionPool 119 - MAX_POOL_SIZE = 32
[DEBUG] 09:00.574 [main] by.epam.project.connection.ConnectionPool 117 - Available connections = 32
[DEBUG] 09:00.576 [main] by.epam.project.connection.ConnectionPool 118 - Used connections = 0
[DEBUG] 09:00.576 [main] by.epam.project.connection.ConnectionPool 119 - MAX_POOL_SIZE = 32
]]></system-out>
  </testcase>
  <testcase name="testServiceFindEventById" classname="by.epam.project.service.EventServiceTest" time="0.02">
    <failure message="expected [1] but found [EventType {eventTypeId= 1, eventName= concert, eventAddress= Minsk, description=concert, imageURL=C:UsersDELLDesktopУчебаHTP14Finalyyy.png}]" type="java.lang.AssertionError">java.lang.AssertionError: expected [1] but found [EventType {eventTypeId= 1, eventName= concert, eventAddress= Minsk, description=concert, imageURL=C:UsersDELLDesktopУчебаHTP14Finalyyy.png}]
	at by.epam.project.service.EventServiceTest.testServiceFindEventById(EventServiceTest.java:28)
</failure>
    <system-out><![CDATA[[DEBUG] 09:00.591 [main] by.epam.project.connection.ConnectionPool 117 - Available connections = 31
[DEBUG] 09:00.591 [main] by.epam.project.connection.ConnectionPool 118 - Used connections = 1
[DEBUG] 09:00.591 [main] by.epam.project.connection.ConnectionPool 119 - MAX_POOL_SIZE = 32
[DEBUG] 09:00.596 [main] by.epam.project.connection.ConnectionPool 117 - Available connections = 32
[DEBUG] 09:00.597 [main] by.epam.project.connection.ConnectionPool 118 - Used connections = 0
[DEBUG] 09:00.597 [main] by.epam.project.connection.ConnectionPool 119 - MAX_POOL_SIZE = 32
]]></system-out>
  </testcase>
  <testcase name="testServiceFindUserCommentsById" classname="by.epam.project.service.UserCommentServiceTest" time="0.012"/>
  <testcase name="findByNameOrWordInName" classname="by.epam.project.service.EventTypeServiceTest" time="0.002">
    <failure message="by.epam.project.exception.DaoException: Error in the requesting to the database." type="by.epam.project.exception.ServiceException">by.epam.project.exception.ServiceException: by.epam.project.exception.DaoException: Error in the requesting to the database.
	at by.epam.project.service.EventTypeServiceTest.findByNameOrWordInName(EventTypeServiceTest.java:28)
Caused by: by.epam.project.exception.DaoException: Error in the requesting to the database.
	at by.epam.project.service.EventTypeServiceTest.findByNameOrWordInName(EventTypeServiceTest.java:28)
</failure>
  </testcase>
  <testcase name="findByUsernameAndPass" classname="by.epam.project.service.UserServiceTest" time="0.016"/>
  <testcase name="findByUsernameAndPass" classname="by.epam.project.service.UserServiceTest" time="0.004">
    <failure message="Index: 0, Size: 0" type="java.lang.IndexOutOfBoundsException">java.lang.IndexOutOfBoundsException: Index: 0, Size: 0
	at by.epam.project.service.UserServiceTest.findByUsernameAndPass(UserServiceTest.java:46)
</failure>
    <system-out><![CDATA[[DEBUG] 09:00.634 [main] by.epam.project.connection.ConnectionPool 117 - Available connections = 30
[DEBUG] 09:00.634 [main] by.epam.project.connection.ConnectionPool 118 - Used connections = 2
[DEBUG] 09:00.634 [main] by.epam.project.connection.ConnectionPool 119 - MAX_POOL_SIZE = 32
]]></system-out>
  </testcase>
  <testcase name="findByUsernameAndPass" classname="by.epam.project.service.UserServiceTest" time="0.003">
    <failure message="Index: 0, Size: 0" type="java.lang.IndexOutOfBoundsException">java.lang.IndexOutOfBoundsException: Index: 0, Size: 0
	at by.epam.project.service.UserServiceTest.findByUsernameAndPass(UserServiceTest.java:46)
</failure>
    <system-out><![CDATA[[DEBUG] 09:00.637 [main] by.epam.project.connection.ConnectionPool 117 - Available connections = 29
[DEBUG] 09:00.638 [main] by.epam.project.connection.ConnectionPool 118 - Used connections = 3
[DEBUG] 09:00.638 [main] by.epam.project.connection.ConnectionPool 119 - MAX_POOL_SIZE = 32
]]></system-out>
  </testcase>
  <testcase name="testFindById" classname="by.epam.project.service.UserServiceTest" time="0.004"/>
  <testcase name="testFindById" classname="by.epam.project.service.UserServiceTest" time="0.006"/>
  <testcase name="testFindById" classname="by.epam.project.service.UserServiceTest" time="0.012"/>
  <testcase name="testFindUserByEmailAndPassword" classname="by.epam.project.service.UserServiceTest" time="0.022"/>
</testsuite>